TBLASTN 2.2.28+


Reference: Stephen F. Altschul, Thomas L. Madden, Alejandro A.
Schaffer, Jinghui Zhang, Zheng Zhang, Webb Miller, and David J.
Lipman (1997), "Gapped BLAST and PSI-BLAST: a new generation of
protein database search programs", Nucleic Acids Res. 25:3389-3402.



Database: CfinESTs.fasta
           11,859 sequences; 7,546,931 total letters



Query= lcl|comp747_c0_seq1

Length=103


***** No hits found *****



Lambda      K        H        a         alpha
   0.315    0.135    0.361    0.792     4.96 

Gapped
Lambda      K        H        a         alpha    sigma
   0.267   0.0410    0.140     1.90     42.6     43.6 

Effective search space used: 61959240


  Database: CfinESTs.fasta
    Posted date:  Aug 12, 2014  10:26 PM
  Number of letters in database: 7,546,931
  Number of sequences in database:  11,859



Matrix: BLOSUM62
Gap Penalties: Existence: 11, Extension: 1
Neighboring words threshold: 13
Window for multiple hits: 40
